# JRE version: OpenJDK Runtime Environment (8.0_242-b01) (build 1.8.0_242-release-1644-b01)
# Java VM: OpenJDK 64-Bit Server VM (25.242-b01 mixed mode windows-amd64 compressed oops)
Heap:
 PSYoungGen      total 105472K, used 32245K [0x00000000d5580000, 0x00000000dc580000, 0x0000000100000000)
  eden space 96256K, 33% used [0x00000000d5580000,0x00000000d74fd530,0x00000000db380000)
  from space 9216K, 0% used [0x00000000dbc80000,0x00000000dbc80000,0x00000000dc580000)
  to   space 9216K, 0% used [0x00000000db380000,0x00000000db380000,0x00000000dbc80000)
 ParOldGen       total 39936K, used 6773K [0x0000000080000000, 0x0000000082700000, 0x00000000d5580000)
  object space 39936K, 16% used [0x0000000080000000,0x000000008069d408,0x0000000082700000)
 Metaspace       used 22798K, capacity 23636K, committed 23728K, reserved 1069056K
  class space    used 3232K, capacity 3442K, committed 3504K, reserved 1048576K
GC Heap History (10 events):
Event: 3.112 GC heap before
{Heap before GC invocations=5 (full 0):
 PSYoungGen      total 28672K, used 28656K [0x00000000d5580000, 0x00000000d7580000, 0x0000000100000000)
  eden space 24576K, 100% used [0x00000000d5580000,0x00000000d6d80000,0x00000000d6d80000)
  from space 4096K, 99% used [0x00000000d7180000,0x00000000d757c010,0x00000000d7580000)
  to   space 4096K, 0% used [0x00000000d6d80000,0x00000000d6d80000,0x00000000d7180000)
 ParOldGen       total 65536K, used 1728K [0x0000000080000000, 0x0000000084000000, 0x00000000d5580000)
  object space 65536K, 2% used [0x0000000080000000,0x00000000801b0078,0x0000000084000000)
 Metaspace       used 13925K, capacity 14360K, committed 14592K, reserved 1062912K
  class space    used 1913K, capacity 2044K, committed 2048K, reserved 1048576K
Event: 3.118 GC heap after
Heap after GC invocations=5 (full 0):
 PSYoungGen      total 28672K, used 4080K [0x00000000d5580000, 0x00000000d9380000, 0x0000000100000000)
  eden space 24576K, 0% used [0x00000000d5580000,0x00000000d5580000,0x00000000d6d80000)
  from space 4096K, 99% used [0x00000000d6d80000,0x00000000d717c030,0x00000000d7180000)
  to   space 7168K, 0% used [0x00000000d8c80000,0x00000000d8c80000,0x00000000d9380000)
 ParOldGen       total 65536K, used 4119K [0x0000000080000000, 0x0000000084000000, 0x00000000d5580000)
  object space 65536K, 6% used [0x0000000080000000,0x0000000080405f08,0x0000000084000000)
 Metaspace       used 13925K, capacity 14360K, committed 14592K, reserved 1062912K
  class space    used 1913K, capacity 2044K, committed 2048K, reserved 1048576K
}
Event: 4.321 GC heap before
{Heap before GC invocations=6 (full 0):
 PSYoungGen      total 28672K, used 28656K [0x00000000d5580000, 0x00000000d9380000, 0x0000000100000000)
  eden space 24576K, 100% used [0x00000000d5580000,0x00000000d6d80000,0x00000000d6d80000)
  from space 4096K, 99% used [0x00000000d6d80000,0x00000000d717c030,0x00000000d7180000)
  to   space 7168K, 0% used [0x00000000d8c80000,0x00000000d8c80000,0x00000000d9380000)
 ParOldGen       total 65536K, used 4119K [0x0000000080000000, 0x0000000084000000, 0x00000000d5580000)
  object space 65536K, 6% used [0x0000000080000000,0x0000000080405f08,0x0000000084000000)
 Metaspace       used 16689K, capacity 17260K, committed 17280K, reserved 1064960K
  class space    used 2233K, capacity 2432K, committed 2432K, reserved 1048576K
Event: 4.329 GC heap after
Heap after GC invocations=6 (full 0):
 PSYoungGen      total 55296K, used 6790K [0x00000000d5580000, 0x00000000d9580000, 0x0000000100000000)
  eden space 48128K, 0% used [0x00000000d5580000,0x00000000d5580000,0x00000000d8480000)
  from space 7168K, 94% used [0x00000000d8c80000,0x00000000d9321a10,0x00000000d9380000)
  to   space 8192K, 0% used [0x00000000d8480000,0x00000000d8480000,0x00000000d8c80000)
 ParOldGen       total 65536K, used 4127K [0x0000000080000000, 0x0000000084000000, 0x00000000d5580000)
  object space 65536K, 6% used [0x0000000080000000,0x0000000080407f08,0x0000000084000000)
 Metaspace       used 16689K, capacity 17260K, committed 17280K, reserved 1064960K
  class space    used 2233K, capacity 2432K, committed 2432K, reserved 1048576K
}
Event: 5.173 GC heap before
{Heap before GC invocations=7 (full 0):
 PSYoungGen      total 55296K, used 54918K [0x00000000d5580000, 0x00000000d9580000, 0x0000000100000000)
  eden space 48128K, 100% used [0x00000000d5580000,0x00000000d8480000,0x00000000d8480000)
  from space 7168K, 94% used [0x00000000d8c80000,0x00000000d9321a10,0x00000000d9380000)
  to   space 8192K, 0% used [0x00000000d8480000,0x00000000d8480000,0x00000000d8c80000)
 ParOldGen       total 65536K, used 4127K [0x0000000080000000, 0x0000000084000000, 0x00000000d5580000)
  object space 65536K, 6% used [0x0000000080000000,0x0000000080407f08,0x0000000084000000)
 Metaspace       used 20425K, capacity 21112K, committed 21248K, reserved 1067008K
  class space    used 2850K, capacity 3044K, committed 3072K, reserved 1048576K
Event: 5.186 GC heap after
Heap after GC invocations=7 (full 0):
 PSYoungGen      total 56320K, used 7900K [0x00000000d5580000, 0x00000000dc580000, 0x0000000100000000)
  eden space 48128K, 0% used [0x00000000d5580000,0x00000000d5580000,0x00000000d8480000)
  from space 8192K, 96% used [0x00000000d8480000,0x00000000d8c372f8,0x00000000d8c80000)
  to   space 9216K, 0% used [0x00000000dbc80000,0x00000000dbc80000,0x00000000dc580000)
 ParOldGen       total 65536K, used 5923K [0x0000000080000000, 0x0000000084000000, 0x00000000d5580000)
  object space 65536K, 9% used [0x0000000080000000,0x00000000805c8f68,0x0000000084000000)
 Metaspace       used 20425K, capacity 21112K, committed 21248K, reserved 1067008K
  class space    used 2850K, capacity 3044K, committed 3072K, reserved 1048576K
}
Event: 5.240 GC heap before
{Heap before GC invocations=8 (full 0):
 PSYoungGen      total 56320K, used 12646K [0x00000000d5580000, 0x00000000dc580000, 0x0000000100000000)
  eden space 48128K, 9% used [0x00000000d5580000,0x00000000d5a228a0,0x00000000d8480000)
  from space 8192K, 96% used [0x00000000d8480000,0x00000000d8c372f8,0x00000000d8c80000)
  to   space 9216K, 0% used [0x00000000dbc80000,0x00000000dbc80000,0x00000000dc580000)
 ParOldGen       total 65536K, used 5923K [0x0000000080000000, 0x0000000084000000, 0x00000000d5580000)
  object space 65536K, 9% used [0x0000000080000000,0x00000000805c8f68,0x0000000084000000)
 Metaspace       used 20591K, capacity 21208K, committed 21296K, reserved 1067008K
  class space    used 2877K, capacity 3076K, committed 3120K, reserved 1048576K
Event: 5.246 GC heap after
Heap after GC invocations=8 (full 0):
 PSYoungGen      total 105472K, used 3124K [0x00000000d5580000, 0x00000000dc580000, 0x0000000100000000)
  eden space 96256K, 0% used [0x00000000d5580000,0x00000000d5580000,0x00000000db380000)
  from space 9216K, 33% used [0x00000000dbc80000,0x00000000dbf8d040,0x00000000dc580000)
  to   space 9216K, 0% used [0x00000000db380000,0x00000000db380000,0x00000000dbc80000)
 ParOldGen       total 65536K, used 7524K [0x0000000080000000, 0x0000000084000000, 0x00000000d5580000)
  object space 65536K, 11% used [0x0000000080000000,0x0000000080759338,0x0000000084000000)
 Metaspace       used 20591K, capacity 21208K, committed 21296K, reserved 1067008K
  class space    used 2877K, capacity 3076K, committed 3120K, reserved 1048576K
}
Event: 5.246 GC heap before
{Heap before GC invocations=9 (full 1):
 PSYoungGen      total 105472K, used 3124K [0x00000000d5580000, 0x00000000dc580000, 0x0000000100000000)
  eden space 96256K, 0% used [0x00000000d5580000,0x00000000d5580000,0x00000000db380000)
  from space 9216K, 33% used [0x00000000dbc80000,0x00000000dbf8d040,0x00000000dc580000)
  to   space 9216K, 0% used [0x00000000db380000,0x00000000db380000,0x00000000dbc80000)
 ParOldGen       total 65536K, used 7524K [0x0000000080000000, 0x0000000084000000, 0x00000000d5580000)
  object space 65536K, 11% used [0x0000000080000000,0x0000000080759338,0x0000000084000000)
 Metaspace       used 20591K, capacity 21208K, committed 21296K, reserved 1067008K
  class space    used 2877K, capacity 3076K, committed 3120K, reserved 1048576K
Event: 5.291 GC heap after
Heap after GC invocations=9 (full 1):
 PSYoungGen      total 105472K, used 0K [0x00000000d5580000, 0x00000000dc580000, 0x0000000100000000)
  eden space 96256K, 0% used [0x00000000d5580000,0x00000000d5580000,0x00000000db380000)
  from space 9216K, 0% used [0x00000000dbc80000,0x00000000dbc80000,0x00000000dc580000)
  to   space 9216K, 0% used [0x00000000db380000,0x00000000db380000,0x00000000dbc80000)
 ParOldGen       total 39936K, used 6773K [0x0000000080000000, 0x0000000082700000, 0x00000000d5580000)
  object space 39936K, 16% used [0x0000000080000000,0x000000008069d408,0x0000000082700000)
 Metaspace       used 20591K, capacity 21208K, committed 21296K, reserved 1067008K
  class space    used 2877K, capacity 3076K, committed 3120K, reserved 1048576K
}

