# JRE version: OpenJDK Runtime Environment (8.0_242-b01) (build 1.8.0_242-release-1644-b01)
# Java VM: OpenJDK 64-Bit Server VM (25.242-b01 mixed mode windows-amd64 compressed oops)
Heap:
 PSYoungGen      total 202240K, used 26044K [0x00000000d5580000, 0x00000000e6900000, 0x0000000100000000)
  eden space 182272K, 14% used [0x00000000d5580000,0x00000000d6eef378,0x00000000e0780000)
  from space 19968K, 0% used [0x00000000e0780000,0x00000000e0780000,0x00000000e1b00000)
  to   space 18944K, 0% used [0x00000000e5680000,0x00000000e5680000,0x00000000e6900000)
 ParOldGen       total 59904K, used 36296K [0x0000000080000000, 0x0000000083a80000, 0x00000000d5580000)
  object space 59904K, 60% used [0x0000000080000000,0x0000000082372168,0x0000000083a80000)
 Metaspace       used 58493K, capacity 60779K, committed 61080K, reserved 1101824K
  class space    used 8082K, capacity 8577K, committed 8624K, reserved 1048576K
GC Heap History (10 events):
Event: 5.864 GC heap before
{Heap before GC invocations=12 (full 2):
 PSYoungGen      total 150528K, used 9441K [0x00000000d5580000, 0x00000000df580000, 0x0000000100000000)
  eden space 139264K, 0% used [0x00000000d5580000,0x00000000d5580000,0x00000000ddd80000)
  from space 11264K, 83% used [0x00000000dea00000,0x00000000df3386b8,0x00000000df500000)
  to   space 12288K, 0% used [0x00000000ddd80000,0x00000000ddd80000,0x00000000de980000)
 ParOldGen       total 39424K, used 8864K [0x0000000080000000, 0x0000000082680000, 0x00000000d5580000)
  object space 39424K, 22% used [0x0000000080000000,0x00000000808a8170,0x0000000082680000)
 Metaspace       used 34239K, capacity 35396K, committed 35496K, reserved 1079296K
  class space    used 4714K, capacity 5001K, committed 5040K, reserved 1048576K
Event: 5.915 GC heap after
Heap after GC invocations=12 (full 2):
 PSYoungGen      total 150528K, used 0K [0x00000000d5580000, 0x00000000df580000, 0x0000000100000000)
  eden space 139264K, 0% used [0x00000000d5580000,0x00000000d5580000,0x00000000ddd80000)
  from space 11264K, 0% used [0x00000000dea00000,0x00000000dea00000,0x00000000df500000)
  to   space 12288K, 0% used [0x00000000ddd80000,0x00000000ddd80000,0x00000000de980000)
 ParOldGen       total 59904K, used 15706K [0x0000000080000000, 0x0000000083a80000, 0x00000000d5580000)
  object space 59904K, 26% used [0x0000000080000000,0x0000000080f56ba0,0x0000000083a80000)
 Metaspace       used 34239K, capacity 35396K, committed 35496K, reserved 1079296K
  class space    used 4714K, capacity 5001K, committed 5040K, reserved 1048576K
}
Event: 7.791 GC heap before
{Heap before GC invocations=13 (full 2):
 PSYoungGen      total 150528K, used 139264K [0x00000000d5580000, 0x00000000df580000, 0x0000000100000000)
  eden space 139264K, 100% used [0x00000000d5580000,0x00000000ddd80000,0x00000000ddd80000)
  from space 11264K, 0% used [0x00000000dea00000,0x00000000dea00000,0x00000000df500000)
  to   space 12288K, 0% used [0x00000000ddd80000,0x00000000ddd80000,0x00000000de980000)
 ParOldGen       total 59904K, used 15706K [0x0000000080000000, 0x0000000083a80000, 0x00000000d5580000)
  object space 59904K, 26% used [0x0000000080000000,0x0000000080f56ba0,0x0000000083a80000)
 Metaspace       used 41331K, capacity 43108K, committed 43432K, reserved 1087488K
  class space    used 5658K, capacity 6028K, committed 6064K, reserved 1048576K
Event: 7.806 GC heap after
Heap after GC invocations=13 (full 2):
 PSYoungGen      total 151552K, used 12280K [0x00000000d5580000, 0x00000000e2900000, 0x0000000100000000)
  eden space 139264K, 0% used [0x00000000d5580000,0x00000000d5580000,0x00000000ddd80000)
  from space 12288K, 99% used [0x00000000ddd80000,0x00000000de97e390,0x00000000de980000)
  to   space 14336K, 0% used [0x00000000e1b00000,0x00000000e1b00000,0x00000000e2900000)
 ParOldGen       total 59904K, used 16406K [0x0000000080000000, 0x0000000083a80000, 0x00000000d5580000)
  object space 59904K, 27% used [0x0000000080000000,0x0000000081005838,0x0000000083a80000)
 Metaspace       used 41331K, capacity 43108K, committed 43432K, reserved 1087488K
  class space    used 5658K, capacity 6028K, committed 6064K, reserved 1048576K
}
Event: 9.717 GC heap before
{Heap before GC invocations=14 (full 2):
 PSYoungGen      total 151552K, used 151544K [0x00000000d5580000, 0x00000000e2900000, 0x0000000100000000)
  eden space 139264K, 100% used [0x00000000d5580000,0x00000000ddd80000,0x00000000ddd80000)
  from space 12288K, 99% used [0x00000000ddd80000,0x00000000de97e390,0x00000000de980000)
  to   space 14336K, 0% used [0x00000000e1b00000,0x00000000e1b00000,0x00000000e2900000)
 ParOldGen       total 59904K, used 16406K [0x0000000080000000, 0x0000000083a80000, 0x00000000d5580000)
  object space 59904K, 27% used [0x0000000080000000,0x0000000081005838,0x0000000083a80000)
 Metaspace       used 52356K, capacity 54458K, committed 54568K, reserved 1095680K
  class space    used 7005K, capacity 7437K, committed 7472K, reserved 1048576K
Event: 9.757 GC heap after
Heap after GC invocations=14 (full 2):
 PSYoungGen      total 196608K, used 14333K [0x00000000d5580000, 0x00000000e3380000, 0x0000000100000000)
  eden space 182272K, 0% used [0x00000000d5580000,0x00000000d5580000,0x00000000e0780000)
  from space 14336K, 99% used [0x00000000e1b00000,0x00000000e28ff6d0,0x00000000e2900000)
  to   space 19968K, 0% used [0x00000000e0780000,0x00000000e0780000,0x00000000e1b00000)
 ParOldGen       total 59904K, used 26052K [0x0000000080000000, 0x0000000083a80000, 0x00000000d5580000)
  object space 59904K, 43% used [0x0000000080000000,0x0000000081971340,0x0000000083a80000)
 Metaspace       used 52356K, capacity 54458K, committed 54568K, reserved 1095680K
  class space    used 7005K, capacity 7437K, committed 7472K, reserved 1048576K
}
Event: 10.743 GC heap before
{Heap before GC invocations=15 (full 2):
 PSYoungGen      total 196608K, used 88193K [0x00000000d5580000, 0x00000000e3380000, 0x0000000100000000)
  eden space 182272K, 40% used [0x00000000d5580000,0x00000000d9da0d88,0x00000000e0780000)
  from space 14336K, 99% used [0x00000000e1b00000,0x00000000e28ff6d0,0x00000000e2900000)
  to   space 19968K, 0% used [0x00000000e0780000,0x00000000e0780000,0x00000000e1b00000)
 ParOldGen       total 59904K, used 26052K [0x0000000080000000, 0x0000000083a80000, 0x00000000d5580000)
  object space 59904K, 43% used [0x0000000080000000,0x0000000081971340,0x0000000083a80000)
 Metaspace       used 56664K, capacity 58999K, committed 59160K, reserved 1099776K
  class space    used 7751K, capacity 8240K, committed 8240K, reserved 1048576K
Event: 10.764 GC heap after
Heap after GC invocations=15 (full 2):
 PSYoungGen      total 202240K, used 7595K [0x00000000d5580000, 0x00000000e6900000, 0x0000000100000000)
  eden space 182272K, 0% used [0x00000000d5580000,0x00000000d5580000,0x00000000e0780000)
  from space 19968K, 38% used [0x00000000e0780000,0x00000000e0eead98,0x00000000e1b00000)
  to   space 18944K, 0% used [0x00000000e5680000,0x00000000e5680000,0x00000000e6900000)
 ParOldGen       total 59904K, used 36031K [0x0000000080000000, 0x0000000083a80000, 0x00000000d5580000)
  object space 59904K, 60% used [0x0000000080000000,0x000000008232fca0,0x0000000083a80000)
 Metaspace       used 56664K, capacity 58999K, committed 59160K, reserved 1099776K
  class space    used 7751K, capacity 8240K, committed 8240K, reserved 1048576K
}
Event: 10.765 GC heap before
{Heap before GC invocations=16 (full 3):
 PSYoungGen      total 202240K, used 7595K [0x00000000d5580000, 0x00000000e6900000, 0x0000000100000000)
  eden space 182272K, 0% used [0x00000000d5580000,0x00000000d5580000,0x00000000e0780000)
  from space 19968K, 38% used [0x00000000e0780000,0x00000000e0eead98,0x00000000e1b00000)
  to   space 18944K, 0% used [0x00000000e5680000,0x00000000e5680000,0x00000000e6900000)
 ParOldGen       total 59904K, used 36031K [0x0000000080000000, 0x0000000083a80000, 0x00000000d5580000)
  object space 59904K, 60% used [0x0000000080000000,0x000000008232fca0,0x0000000083a80000)
 Metaspace       used 56664K, capacity 58999K, committed 59160K, reserved 1099776K
  class space    used 7751K, capacity 8240K, committed 8240K, reserved 1048576K
Event: 11.268 GC heap after
Heap after GC invocations=16 (full 3):
 PSYoungGen      total 202240K, used 0K [0x00000000d5580000, 0x00000000e6900000, 0x0000000100000000)
  eden space 182272K, 0% used [0x00000000d5580000,0x00000000d5580000,0x00000000e0780000)
  from space 19968K, 0% used [0x00000000e0780000,0x00000000e0780000,0x00000000e1b00000)
  to   space 18944K, 0% used [0x00000000e5680000,0x00000000e5680000,0x00000000e6900000)
 ParOldGen       total 59904K, used 36296K [0x0000000080000000, 0x0000000083a80000, 0x00000000d5580000)
  object space 59904K, 60% used [0x0000000080000000,0x0000000082372168,0x0000000083a80000)
 Metaspace       used 56618K, capacity 58843K, committed 59160K, reserved 1099776K
  class space    used 7737K, capacity 8214K, committed 8240K, reserved 1048576K
}

